<?xml version="1.0" encoding="UTF-8"?>
<!-- Generated by org.testng.reporters.JUnitReportReporter -->
<testsuite skipped="0" hostname="SGUNDAPP-IN" name="com.testVagrant.test.testRcbTeam" tests="2" failures="0" timestamp="2023-01-19T12:10:16 IST" time="1.296" errors="0">
  <testcase name="testForeignPlayers" time="1.284" classname="com.testVagrant.test.testRcbTeam"/>
  <system-out/>
  <testcase name="testNumOfWicketKeepers" time="0.012" classname="com.testVagrant.test.testRcbTeam"/>
  <system-out/>
</testsuite> <!-- com.testVagrant.test.testRcbTeam -->
