<?xml version="1.0" encoding="UTF-8"?>
<!-- Generated by org.testng.reporters.JUnitReportReporter -->
<testsuite skipped="0" hostname="SGUNDAPP-IN" name="com.testVagrant.test.testRcbTeam" tests="2" failures="0" timestamp="2023-01-19T15:49:40 IST" time="2.031" errors="0">
  <testcase name="testForeignPlayers" time="2.014" classname="com.testVagrant.test.testRcbTeam"/>
  <system-out/>
  <testcase name="testNumOfWicketKeepers" time="0.017" classname="com.testVagrant.test.testRcbTeam"/>
  <system-out/>
</testsuite> <!-- com.testVagrant.test.testRcbTeam -->
