<?xml version="1.0" encoding="UTF-8"?>
<!-- Generated by org.testng.reporters.JUnitReportReporter -->
<testsuite skipped="0" hostname="SGUNDAPP-IN" name="com.testVagrant.test.testRcbTeam" tests="2" failures="0" timestamp="2023-01-19T12:07:25 IST" time="1.583" errors="0">
  <testcase name="testNumOfWicketKeepers" time="0.017" classname="com.testVagrant.test.testRcbTeam"/>
  <system-out/>
  <testcase name="testForeignPlayers" time="1.566" classname="com.testVagrant.test.testRcbTeam"/>
  <system-out/>
</testsuite> <!-- com.testVagrant.test.testRcbTeam -->
