<?xml version="1.0" encoding="UTF-8"?>
<!-- Generated by org.testng.reporters.JUnitReportReporter -->
<testsuite skipped="0" hostname="SGUNDAPP-IN" name="com.avaamo.test.testChatAgent" tests="1" failures="0" timestamp="2023-02-08T17:58:42 IST" time="31.870" errors="0">
  <testcase name="testOrderPizzaFlowForVeg" time="31.870" classname="com.avaamo.test.testChatAgent"/>
  <system-out/>
</testsuite> <!-- com.avaamo.test.testChatAgent -->
